4
14
92
135
247
7
53
29
147
2
1
83
151
13
68
138
4
19
43
13
4
19
8
411
155
144
4
4
144
15
9
64
76
142
50
73
5
277
16
57
42
56
65
7
277
95
9
277
6
44
50
82
39
79
45
41
15
24
151
3
12
47
17
9
66
9
6
10
151
93
36
7
16
3
2
180
149
222
18
4
40
5
25
31
102
52
79
41
38
90
12
58
345
73
82
7
76
4
18
345
142
5
48
8
17
35
139
109
6
83
164
28
12
76
20
105
5
95
6
81
16
3
15
38
10
51
176
81
37
10
15
3
3
62
25
57
3
71
11
51
151
183
101
111
296
82
1
5
54
16
33
123
345
65
6
17
147
29
57
6
3
14
411
9
35
9
7
110
83
24
2
10
57
115
183
247
443
5
228
91
92
91
32
75
1
89
49
35
56
1
30
45
9
2
12
20
37
40
7
29
10
31
111
155
121
1
136
13
106
10
155
1
66
11
183
28
80
52
20
18
12
155
19
83
29
31
3
20
4
8
81
126
21
48
2
411
443
12
5
29
276
